<?xml version="1.0" encoding="UTF-8"?>
<robot generator="Robot 7.4.1 (Python 3.14.2 on win32)" generated="2025-12-30T23:16:15.212966" rpa="false" schemaversion="5">
<suite id="s1" name="Logout" source="C:\Projetos\Robot\ServeRest-RobotFront\Tests\Logout.robot">
<kw name="Abrir o navegador" owner="Resource" type="SETUP">
<kw name="Open Browser" owner="SeleniumLibrary">
<msg time="2025-12-30T23:16:16.030563" level="INFO">Opening browser 'firefox' to base url 'about:blank'.</msg>
<arg>about:blank</arg>
<arg>${BROWSER}</arg>
<doc>Opens a new browser instance to the optional ``url``.</doc>
<status status="PASS" start="2025-12-30T23:16:16.030173" elapsed="7.039979"/>
</kw>
<status status="PASS" start="2025-12-30T23:16:16.028750" elapsed="7.041712"/>
</kw>
<test id="s1-t1" name="CT01 - Realizar logout" line="12">
<kw name="Cadastro de usuario" owner="CadastroUsuario" type="SETUP">
<kw name="Given que estou na página inicial" owner="Login">
<kw name="Go To" owner="SeleniumLibrary">
<msg time="2025-12-30T23:16:23.105325" level="INFO">Opening url 'https://front.serverest.dev/login'</msg>
<arg>${LOGIN_URL}</arg>
<doc>Navigates the current browser window to the provided ``url``.</doc>
<status status="PASS" start="2025-12-30T23:16:23.105035" elapsed="1.751741"/>
</kw>
<kw name="Wait Until Element Is Visible" owner="SeleniumLibrary">
<arg>${LOGIN_IMAGE}</arg>
<doc>Waits until the element ``locator`` is visible.</doc>
<status status="PASS" start="2025-12-30T23:16:24.857064" elapsed="0.036071"/>
</kw>
<status status="PASS" start="2025-12-30T23:16:23.104122" elapsed="1.789200"/>
</kw>
<kw name="When clico em &quot;Cadastre-se&quot;" owner="Login">
<kw name="Click Link" owner="SeleniumLibrary">
<msg time="2025-12-30T23:16:24.894725" level="INFO">Clicking link '//a[normalize-space()='Cadastre-se']'.</msg>
<arg>${LINK_CADASTRO}</arg>
<doc>Clicks a link identified by ``locator``.</doc>
<status status="PASS" start="2025-12-30T23:16:24.894161" elapsed="0.095219"/>
</kw>
<status status="PASS" start="2025-12-30T23:16:24.893690" elapsed="0.095865"/>
</kw>
<kw name="And preencho o formulário de cadastro com os dados válidos" owner="CadastroUsuario">
<kw name="Get Name" owner="faker_api">
<msg time="2025-12-30T23:16:24.990724" level="INFO">${NOME} = Milena Martins</msg>
<var>${NOME}</var>
<status status="PASS" start="2025-12-30T23:16:24.990413" elapsed="0.000367"/>
</kw>
<kw name="Get Email" owner="faker_api">
<msg time="2025-12-30T23:16:24.991272" level="INFO">${EMAIL} = evelyndias@example.com</msg>
<var>${EMAIL}</var>
<status status="PASS" start="2025-12-30T23:16:24.990965" elapsed="0.000360"/>
</kw>
<kw name="Get Password" owner="faker_api">
<msg time="2025-12-30T23:16:24.991765" level="INFO">${PASSWORD} = _0D8fqfk</msg>
<var>${PASSWORD}</var>
<status status="PASS" start="2025-12-30T23:16:24.991503" elapsed="0.000313"/>
</kw>
<kw name="Set Test Variable" owner="BuiltIn">
<msg time="2025-12-30T23:16:24.992673" level="INFO">${EMAIL} = evelyndias@example.com</msg>
<arg>${EMAIL}</arg>
<arg>${EMAIL}</arg>
<doc>Makes a variable available everywhere within the scope of the current test.</doc>
<status status="PASS" start="2025-12-30T23:16:24.992017" elapsed="0.000741"/>
</kw>
<kw name="Set Test Variable" owner="BuiltIn">
<msg time="2025-12-30T23:16:24.995049" level="INFO">${SENHA} = _0D8fqfk</msg>
<arg>${SENHA}</arg>
<arg>${PASSWORD}</arg>
<doc>Makes a variable available everywhere within the scope of the current test.</doc>
<status status="PASS" start="2025-12-30T23:16:24.992974" elapsed="0.002200"/>
</kw>
<kw name="And preencho o formulário de cadastro" owner="CadastroUsuario">
<kw name="Wait Until Element Is Visible" owner="SeleniumLibrary">
<arg>${TEXTO_CADASTRO}</arg>
<doc>Waits until the element ``locator`` is visible.</doc>
<status status="PASS" start="2025-12-30T23:16:24.996551" elapsed="0.012944"/>
</kw>
<kw name="Input Text" owner="SeleniumLibrary">
<msg time="2025-12-30T23:16:25.010178" level="INFO">Typing text 'Milena Martins' into text field 'nome'.</msg>
<arg>${INPUT_NOME}</arg>
<arg>${nome}</arg>
<doc>Types the given ``text`` into the text field identified by ``locator``.</doc>
<status status="PASS" start="2025-12-30T23:16:25.009783" elapsed="0.064023"/>
</kw>
<kw name="Input Text" owner="SeleniumLibrary">
<msg time="2025-12-30T23:16:25.074558" level="INFO">Typing text 'evelyndias@example.com' into text field 'email'.</msg>
<arg>${INPUT_EMAIL}</arg>
<arg>${email}</arg>
<doc>Types the given ``text`` into the text field identified by ``locator``.</doc>
<status status="PASS" start="2025-12-30T23:16:25.074157" elapsed="0.056676"/>
</kw>
<kw name="Input Password" owner="SeleniumLibrary">
<msg time="2025-12-30T23:16:25.131737" level="INFO">Typing password into text field 'password'.</msg>
<msg time="2025-12-30T23:16:25.138925" level="INFO">Temporally setting log level to: NONE</msg>
<arg>${INPUT_SENHA}</arg>
<arg>${password}</arg>
<doc>Types the given password into the text field identified by ``locator``.</doc>
<status status="PASS" start="2025-12-30T23:16:25.131156" elapsed="0.030894"/>
</kw>
<arg>${NOME}</arg>
<arg>${EMAIL}</arg>
<arg>${PASSWORD}</arg>
<status status="PASS" start="2025-12-30T23:16:24.995762" elapsed="0.166474"/>
</kw>
<status status="PASS" start="2025-12-30T23:16:24.990001" elapsed="0.172389"/>
</kw>
<kw name="And seleciono a opção &quot;Cadastrar como administrador&quot;" owner="CadastroUsuario">
<if>
<branch type="IF" condition="${selecionar_admin} == 'True'">
<kw name="Select Checkbox" owner="SeleniumLibrary">
<arg>${ADMINISTRADOR}</arg>
<doc>Selects the checkbox identified by ``locator``.</doc>
<status status="NOT RUN" start="2025-12-30T23:16:25.163885" elapsed="0.000059"/>
</kw>
<status status="NOT RUN" start="2025-12-30T23:16:25.163462" elapsed="0.000583"/>
</branch>
<status status="PASS" start="2025-12-30T23:16:25.163411" elapsed="0.000722"/>
</if>
<arg>False</arg>
<status status="PASS" start="2025-12-30T23:16:25.162921" elapsed="0.001365"/>
</kw>
<kw name="And clico em &quot;Cadastrar&quot;" owner="CadastroUsuario">
<kw name="Click Button" owner="SeleniumLibrary">
<msg time="2025-12-30T23:16:25.165719" level="INFO">Clicking button '//button[normalize-space()='Cadastrar']'.</msg>
<arg>${BTN_CADASTRAR}</arg>
<doc>Clicks the button identified by ``locator``.</doc>
<status status="PASS" start="2025-12-30T23:16:25.165362" elapsed="0.081811"/>
</kw>
<status status="PASS" start="2025-12-30T23:16:25.164643" elapsed="0.082710"/>
</kw>
<kw name="Then o cadastro é concluído" owner="CadastroUsuario">
<kw name="Wait Until Element Is Visible" owner="SeleniumLibrary">
<arg>${TEXTO_SUCESSO}</arg>
<doc>Waits until the element ``locator`` is visible.</doc>
<status status="PASS" start="2025-12-30T23:16:25.248518" elapsed="0.623741"/>
</kw>
<status status="PASS" start="2025-12-30T23:16:25.247812" elapsed="0.624618"/>
</kw>
<status status="PASS" start="2025-12-30T23:16:23.103413" elapsed="2.769120"/>
</kw>
<kw name="Given que estou logado na ServeRest">
<kw name="Realizar Login" owner="Login">
<kw name="Given que estou na página inicial" owner="Login">
<kw name="Go To" owner="SeleniumLibrary">
<msg time="2025-12-30T23:16:25.874808" level="INFO">Opening url 'https://front.serverest.dev/login'</msg>
<arg>${LOGIN_URL}</arg>
<doc>Navigates the current browser window to the provided ``url``.</doc>
<status status="PASS" start="2025-12-30T23:16:25.874603" elapsed="0.610343"/>
</kw>
<kw name="Wait Until Element Is Visible" owner="SeleniumLibrary">
<arg>${LOGIN_IMAGE}</arg>
<doc>Waits until the element ``locator`` is visible.</doc>
<status status="PASS" start="2025-12-30T23:16:26.485248" elapsed="0.013672"/>
</kw>
<status status="PASS" start="2025-12-30T23:16:25.874206" elapsed="0.624886"/>
</kw>
<kw name="When que preencho o formulário de login com dados válidos" owner="Login">
<kw name="Input Text" owner="SeleniumLibrary">
<msg time="2025-12-30T23:16:26.500304" level="INFO">Typing text 'evelyndias@example.com' into text field 'email'.</msg>
<arg>${INPUT_EMAIL}</arg>
<arg>${EMAIL}</arg>
<doc>Types the given ``text`` into the text field identified by ``locator``.</doc>
<status status="PASS" start="2025-12-30T23:16:26.499951" elapsed="0.046702"/>
</kw>
<kw name="Input Password" owner="SeleniumLibrary">
<msg time="2025-12-30T23:16:26.547363" level="INFO">Typing password into text field 'password'.</msg>
<msg time="2025-12-30T23:16:26.553184" level="INFO">Temporally setting log level to: NONE</msg>
<arg>${INPUT_SENHA}</arg>
<arg>${SENHA}</arg>
<doc>Types the given password into the text field identified by ``locator``.</doc>
<status status="PASS" start="2025-12-30T23:16:26.546974" elapsed="0.024496"/>
</kw>
<status status="PASS" start="2025-12-30T23:16:26.499496" elapsed="0.072145"/>
</kw>
<kw name="And clico no botão &quot;ENTRAR&quot;" owner="Login">
<kw name="Click Button" owner="SeleniumLibrary">
<msg time="2025-12-30T23:16:26.572749" level="INFO">Clicking button '//button[normalize-space()='Entrar']'.</msg>
<arg>${BTN_ENTRAR}</arg>
<doc>Clicks the button identified by ``locator``.</doc>
<status status="PASS" start="2025-12-30T23:16:26.572448" elapsed="0.071791"/>
</kw>
<status status="PASS" start="2025-12-30T23:16:26.572004" elapsed="0.072414"/>
</kw>
<kw name="Then serei redirecionada para página &quot;Home&quot;" owner="Login">
<kw name="Wait Until Element Is Visible" owner="SeleniumLibrary">
<arg>${TEXTO_HOME}</arg>
<doc>Waits until the element ``locator`` is visible.</doc>
<status status="PASS" start="2025-12-30T23:16:26.645575" elapsed="0.621504"/>
</kw>
<status status="PASS" start="2025-12-30T23:16:26.645040" elapsed="0.622223"/>
</kw>
<status status="PASS" start="2025-12-30T23:16:25.873637" elapsed="1.393728"/>
</kw>
<kw name="Wait Until Element Is Visible" owner="SeleniumLibrary">
<arg>${MENU_NAVEGACAO}</arg>
<doc>Waits until the element ``locator`` is visible.</doc>
<status status="PASS" start="2025-12-30T23:16:27.267578" elapsed="0.010307"/>
</kw>
<status status="PASS" start="2025-12-30T23:16:25.873132" elapsed="1.404969"/>
</kw>
<kw name="When clico no botão logout">
<kw name="Click Button" owner="SeleniumLibrary">
<msg time="2025-12-30T23:16:27.279361" level="INFO">Clicking button '//button[normalize-space()='Logout']'.</msg>
<arg>${BTN_LOGOUT}</arg>
<doc>Clicks the button identified by ``locator``.</doc>
<status status="PASS" start="2025-12-30T23:16:27.279071" elapsed="0.077556"/>
</kw>
<status status="PASS" start="2025-12-30T23:16:27.278625" elapsed="0.078193"/>
</kw>
<kw name="Then o logout deverá ser realizado redirecionando para página de login">
<kw name="Wait Until Element Is Visible" owner="SeleniumLibrary">
<arg>${LOGIN_IMAGE}</arg>
<doc>Waits until the element ``locator`` is visible.</doc>
<status status="PASS" start="2025-12-30T23:16:27.357859" elapsed="0.012218"/>
</kw>
<status status="PASS" start="2025-12-30T23:16:27.357374" elapsed="0.012869"/>
</kw>
<status status="PASS" start="2025-12-30T23:16:23.070616" elapsed="4.299973"/>
</test>
<kw name="Fechar o navegador" owner="Resource" type="TEARDOWN">
<kw name="Close Browser" owner="SeleniumLibrary">
<doc>Closes the current browser.</doc>
<status status="PASS" start="2025-12-30T23:16:27.372335" elapsed="3.297017"/>
</kw>
<status status="PASS" start="2025-12-30T23:16:27.371946" elapsed="3.297589"/>
</kw>
<status status="PASS" start="2025-12-30T23:16:15.215579" elapsed="15.454035"/>
</suite>
<statistics>
<total>
<stat pass="1" fail="0" skip="0">All Tests</stat>
</total>
<tag>
</tag>
<suite>
<stat name="Logout" id="s1" pass="1" fail="0" skip="0">Logout</stat>
</suite>
</statistics>
<errors>
</errors>
</robot>
