<?xml version="1.0" encoding="UTF-8"?>
<robot generator="Robot 7.4.1 (Python 3.14.2 on win32)" generated="2025-12-31T15:20:21.665987" rpa="false" schemaversion="5">
<suite id="s1" name="ServeRest-RobotFront" source="C:\Projetos\Robot\ServeRest-RobotFront">
<suite id="s1-s1" name="Tests" source="C:\Projetos\Robot\ServeRest-RobotFront\Tests">
<suite id="s1-s1-s1" name="ListadeCompras" source="C:\Projetos\Robot\ServeRest-RobotFront\Tests\ListadeCompras.robot">
<kw name="Abrir o navegador" owner="Resource" type="SETUP">
<kw name="Open Browser" owner="SeleniumLibrary">
<msg time="2025-12-31T15:20:22.548505" level="INFO">Opening browser 'firefox' to base url 'about:blank'.</msg>
<arg>about:blank</arg>
<arg>${BROWSER}</arg>
<doc>Opens a new browser instance to the optional ``url``.</doc>
<status status="PASS" start="2025-12-31T15:20:22.547936" elapsed="7.055668"/>
</kw>
<status status="PASS" start="2025-12-31T15:20:22.546234" elapsed="7.057751"/>
</kw>
<test id="s1-s1-s1-t1" name="CT01 - Visualizar lista de compras (itens adicionados)" line="32">
<kw name="Cadastro de usuario" owner="CadastroUsuario" type="SETUP">
<kw name="Given que estou na página inicial" owner="Login">
<kw name="Go To" owner="SeleniumLibrary">
<msg time="2025-12-31T15:20:29.615958" level="INFO">Opening url 'https://front.serverest.dev/login'</msg>
<arg>${LOGIN_URL}</arg>
<doc>Navigates the current browser window to the provided ``url``.</doc>
<status status="PASS" start="2025-12-31T15:20:29.615513" elapsed="1.733015"/>
</kw>
<kw name="Wait Until Element Is Visible" owner="SeleniumLibrary">
<arg>${LOGIN_IMAGE}</arg>
<doc>Waits until the element ``locator`` is visible.</doc>
<status status="PASS" start="2025-12-31T15:20:31.348946" elapsed="0.040013"/>
</kw>
<status status="PASS" start="2025-12-31T15:20:29.614857" elapsed="1.774432"/>
</kw>
<kw name="When clico em &quot;Cadastre-se&quot;" owner="Login">
<kw name="Click Link" owner="SeleniumLibrary">
<msg time="2025-12-31T15:20:31.391077" level="INFO">Clicking link '//a[normalize-space()='Cadastre-se']'.</msg>
<arg>${LINK_CADASTRO}</arg>
<doc>Clicks a link identified by ``locator``.</doc>
<status status="PASS" start="2025-12-31T15:20:31.390535" elapsed="0.140490"/>
</kw>
<status status="PASS" start="2025-12-31T15:20:31.389846" elapsed="0.141486"/>
</kw>
<kw name="And preencho o formulário de cadastro com os dados válidos" owner="CadastroUsuario">
<kw name="Get Name" owner="faker_api">
<msg time="2025-12-31T15:20:31.533099" level="INFO">${NOME} = Lívia Vargas</msg>
<var>${NOME}</var>
<status status="PASS" start="2025-12-31T15:20:31.532608" elapsed="0.000728"/>
</kw>
<kw name="Get Email" owner="faker_api">
<msg time="2025-12-31T15:20:31.534453" level="INFO">${EMAIL} = barbaraleao@example.com</msg>
<var>${EMAIL}</var>
<status status="PASS" start="2025-12-31T15:20:31.533767" elapsed="0.000905"/>
</kw>
<kw name="Get Password" owner="faker_api">
<msg time="2025-12-31T15:20:31.535658" level="INFO">${PASSWORD} = xW!2XORe</msg>
<var>${PASSWORD}</var>
<status status="PASS" start="2025-12-31T15:20:31.534997" elapsed="0.000872"/>
</kw>
<kw name="Set Test Variable" owner="BuiltIn">
<msg time="2025-12-31T15:20:31.537243" level="INFO">${EMAIL} = barbaraleao@example.com</msg>
<arg>${EMAIL}</arg>
<arg>${EMAIL}</arg>
<doc>Makes a variable available everywhere within the scope of the current test.</doc>
<status status="PASS" start="2025-12-31T15:20:31.536224" elapsed="0.001312"/>
</kw>
<kw name="Set Test Variable" owner="BuiltIn">
<msg time="2025-12-31T15:20:31.540329" level="INFO">${SENHA} = xW!2XORe</msg>
<arg>${SENHA}</arg>
<arg>${PASSWORD}</arg>
<doc>Makes a variable available everywhere within the scope of the current test.</doc>
<status status="PASS" start="2025-12-31T15:20:31.537898" elapsed="0.002712"/>
</kw>
<kw name="And preencho o formulário de cadastro" owner="CadastroUsuario">
<kw name="Wait Until Element Is Visible" owner="SeleniumLibrary">
<arg>${TEXTO_CADASTRO}</arg>
<doc>Waits until the element ``locator`` is visible.</doc>
<status status="PASS" start="2025-12-31T15:20:31.542275" elapsed="0.014456"/>
</kw>
<kw name="Input Text" owner="SeleniumLibrary">
<msg time="2025-12-31T15:20:31.557747" level="INFO">Typing text 'Lívia Vargas' into text field 'nome'.</msg>
<arg>${INPUT_NOME}</arg>
<arg>${nome}</arg>
<doc>Types the given ``text`` into the text field identified by ``locator``.</doc>
<status status="PASS" start="2025-12-31T15:20:31.557147" elapsed="0.066541"/>
</kw>
<kw name="Input Text" owner="SeleniumLibrary">
<msg time="2025-12-31T15:20:31.624701" level="INFO">Typing text 'barbaraleao@example.com' into text field 'email'.</msg>
<arg>${INPUT_EMAIL}</arg>
<arg>${email}</arg>
<doc>Types the given ``text`` into the text field identified by ``locator``.</doc>
<status status="PASS" start="2025-12-31T15:20:31.624098" elapsed="0.060334"/>
</kw>
<kw name="Input Password" owner="SeleniumLibrary">
<msg time="2025-12-31T15:20:31.685505" level="INFO">Typing password into text field 'password'.</msg>
<msg time="2025-12-31T15:20:31.693021" level="INFO">Temporally setting log level to: NONE</msg>
<arg>${INPUT_SENHA}</arg>
<arg>${password}</arg>
<doc>Types the given password into the text field identified by ``locator``.</doc>
<status status="PASS" start="2025-12-31T15:20:31.684853" elapsed="0.035452"/>
</kw>
<arg>${NOME}</arg>
<arg>${EMAIL}</arg>
<arg>${PASSWORD}</arg>
<status status="PASS" start="2025-12-31T15:20:31.541183" elapsed="0.179415"/>
</kw>
<status status="PASS" start="2025-12-31T15:20:31.531933" elapsed="0.188893"/>
</kw>
<kw name="And seleciono a opção &quot;Cadastrar como administrador&quot;" owner="CadastroUsuario">
<if>
<branch type="IF" condition="${selecionar_admin} == 'True'">
<kw name="Select Checkbox" owner="SeleniumLibrary">
<arg>${ADMINISTRADOR}</arg>
<doc>Selects the checkbox identified by ``locator``.</doc>
<status status="NOT RUN" start="2025-12-31T15:20:31.722616" elapsed="0.000202"/>
</kw>
<status status="NOT RUN" start="2025-12-31T15:20:31.722128" elapsed="0.000870"/>
</branch>
<status status="PASS" start="2025-12-31T15:20:31.722074" elapsed="0.001043"/>
</if>
<arg>False</arg>
<status status="PASS" start="2025-12-31T15:20:31.721428" elapsed="0.001799"/>
</kw>
<kw name="And clico em &quot;Cadastrar&quot;" owner="CadastroUsuario">
<kw name="Click Button" owner="SeleniumLibrary">
<msg time="2025-12-31T15:20:31.724697" level="INFO">Clicking button '//button[normalize-space()='Cadastrar']'.</msg>
<arg>${BTN_CADASTRAR}</arg>
<doc>Clicks the button identified by ``locator``.</doc>
<status status="PASS" start="2025-12-31T15:20:31.724249" elapsed="0.082462"/>
</kw>
<status status="PASS" start="2025-12-31T15:20:31.723667" elapsed="0.083341"/>
</kw>
<kw name="Then o cadastro é concluído" owner="CadastroUsuario">
<kw name="Wait Until Element Is Visible" owner="SeleniumLibrary">
<arg>${TEXTO_SUCESSO}</arg>
<doc>Waits until the element ``locator`` is visible.</doc>
<status status="PASS" start="2025-12-31T15:20:31.808186" elapsed="0.627074"/>
</kw>
<status status="PASS" start="2025-12-31T15:20:31.807490" elapsed="0.628113"/>
</kw>
<status status="PASS" start="2025-12-31T15:20:29.613889" elapsed="2.821923"/>
</kw>
<kw name="Given que estou logado como usuário comum">
<kw name="Realizar Login" owner="Login">
<kw name="Given que estou na página inicial" owner="Login">
<kw name="Go To" owner="SeleniumLibrary">
<msg time="2025-12-31T15:20:32.439055" level="INFO">Opening url 'https://front.serverest.dev/login'</msg>
<arg>${LOGIN_URL}</arg>
<doc>Navigates the current browser window to the provided ``url``.</doc>
<status status="PASS" start="2025-12-31T15:20:32.438696" elapsed="0.646765"/>
</kw>
<kw name="Wait Until Element Is Visible" owner="SeleniumLibrary">
<arg>${LOGIN_IMAGE}</arg>
<doc>Waits until the element ``locator`` is visible.</doc>
<status status="PASS" start="2025-12-31T15:20:33.085909" elapsed="0.015042"/>
</kw>
<status status="PASS" start="2025-12-31T15:20:32.438096" elapsed="0.663151"/>
</kw>
<kw name="When que preencho o formulário de login com dados válidos" owner="Login">
<kw name="Input Text" owner="SeleniumLibrary">
<msg time="2025-12-31T15:20:33.103046" level="INFO">Typing text 'barbaraleao@example.com' into text field 'email'.</msg>
<arg>${INPUT_EMAIL}</arg>
<arg>${EMAIL}</arg>
<doc>Types the given ``text`` into the text field identified by ``locator``.</doc>
<status status="PASS" start="2025-12-31T15:20:33.102525" elapsed="0.053719"/>
</kw>
<kw name="Input Password" owner="SeleniumLibrary">
<msg time="2025-12-31T15:20:33.157245" level="INFO">Typing password into text field 'password'.</msg>
<msg time="2025-12-31T15:20:33.165481" level="INFO">Temporally setting log level to: NONE</msg>
<arg>${INPUT_SENHA}</arg>
<arg>${SENHA}</arg>
<doc>Types the given password into the text field identified by ``locator``.</doc>
<status status="PASS" start="2025-12-31T15:20:33.156646" elapsed="0.029753"/>
</kw>
<status status="PASS" start="2025-12-31T15:20:33.101773" elapsed="0.084919"/>
</kw>
<kw name="And clico no botão &quot;ENTRAR&quot;" owner="Login">
<kw name="Click Button" owner="SeleniumLibrary">
<msg time="2025-12-31T15:20:33.188528" level="INFO">Clicking button '//button[normalize-space()='Entrar']'.</msg>
<arg>${BTN_ENTRAR}</arg>
<doc>Clicks the button identified by ``locator``.</doc>
<status status="PASS" start="2025-12-31T15:20:33.188048" elapsed="0.079911"/>
</kw>
<status status="PASS" start="2025-12-31T15:20:33.187234" elapsed="0.081043"/>
</kw>
<kw name="Then serei redirecionada para página &quot;Home&quot;" owner="Login">
<kw name="Wait Until Element Is Visible" owner="SeleniumLibrary">
<arg>${TEXTO_HOME}</arg>
<doc>Waits until the element ``locator`` is visible.</doc>
<status status="PASS" start="2025-12-31T15:20:33.269565" elapsed="0.623001"/>
</kw>
<status status="PASS" start="2025-12-31T15:20:33.268837" elapsed="0.624016"/>
</kw>
<status status="PASS" start="2025-12-31T15:20:32.437337" elapsed="1.455713"/>
</kw>
<status status="PASS" start="2025-12-31T15:20:32.436503" elapsed="1.456876"/>
</kw>
<kw name="When adiciono produtos à lista de compras">
<kw name="When clico em adicionar o produto à lista" owner="Home">
<kw name="Wait Until Element Is Visible" owner="SeleniumLibrary">
<arg>${CARD_PRODUTO}</arg>
<doc>Waits until the element ``locator`` is visible.</doc>
<status status="PASS" start="2025-12-31T15:20:33.896225" elapsed="0.231267"/>
</kw>
<kw name="Click Button" owner="SeleniumLibrary">
<msg time="2025-12-31T15:20:34.129070" level="INFO">Clicking button '//div[@class='container-fluid']//div//div[1]//div[1]//div[1]//a[2]//button[1]'.</msg>
<arg>${BTN_ADD_LISTA}</arg>
<doc>Clicks the button identified by ``locator``.</doc>
<status status="PASS" start="2025-12-31T15:20:34.127968" elapsed="0.085960"/>
</kw>
<status status="PASS" start="2025-12-31T15:20:33.895587" elapsed="0.318632"/>
</kw>
<kw name="Then o produto deverá ser adicionado à lista redirecionando para a página Lista de Compras" owner="Home">
<kw name="Wait Until Element Is Visible" owner="SeleniumLibrary">
<arg>${TITULO_LISTA_COMPRAS}</arg>
<doc>Waits until the element ``locator`` is visible.</doc>
<status status="PASS" start="2025-12-31T15:20:34.215475" elapsed="0.012387"/>
</kw>
<kw name="Wait Until Element Is Visible" owner="SeleniumLibrary">
<arg>${CARD_PRODUTO}</arg>
<doc>Waits until the element ``locator`` is visible.</doc>
<status status="PASS" start="2025-12-31T15:20:34.228368" elapsed="0.012195"/>
</kw>
<status status="PASS" start="2025-12-31T15:20:34.214771" elapsed="0.026082"/>
</kw>
<status status="PASS" start="2025-12-31T15:20:33.894537" elapsed="0.346528"/>
</kw>
<kw name="And acesso a página Lista de Compras">
<kw name="Click Element" owner="SeleniumLibrary">
<msg time="2025-12-31T15:20:34.242993" level="INFO">Clicking element '//a[normalize-space()='Lista de Compras']'.</msg>
<arg>${PAGINA_LISTA_COMPRAS}</arg>
<doc>Click the element identified by ``locator``.</doc>
<status status="PASS" start="2025-12-31T15:20:34.242549" elapsed="0.066565"/>
</kw>
<status status="PASS" start="2025-12-31T15:20:34.241803" elapsed="0.067604"/>
</kw>
<kw name="Then os itens adicionados deverão aparecer listados na tela">
<kw name="Wait Until Element Is Visible" owner="SeleniumLibrary">
<arg>${CARD_PRODUTO}</arg>
<doc>Waits until the element ``locator`` is visible.</doc>
<status status="PASS" start="2025-12-31T15:20:34.313850" elapsed="0.011468"/>
</kw>
<status status="PASS" start="2025-12-31T15:20:34.312984" elapsed="0.012625"/>
</kw>
<status status="PASS" start="2025-12-31T15:20:29.604229" elapsed="4.721987"/>
</test>
<kw name="Fechar o navegador" owner="Resource" type="TEARDOWN">
<kw name="Close Browser" owner="SeleniumLibrary">
<doc>Closes the current browser.</doc>
<status status="PASS" start="2025-12-31T15:20:34.335672" elapsed="3.451020"/>
</kw>
<status status="PASS" start="2025-12-31T15:20:34.335079" elapsed="3.451924"/>
</kw>
<status status="PASS" start="2025-12-31T15:20:21.749785" elapsed="16.037390"/>
</suite>
<status status="PASS" start="2025-12-31T15:20:21.742072" elapsed="16.050669"/>
</suite>
<status status="PASS" start="2025-12-31T15:20:21.675693" elapsed="16.121706"/>
</suite>
<statistics>
<total>
<stat pass="1" fail="0" skip="0">All Tests</stat>
</total>
<tag>
</tag>
<suite>
<stat name="ServeRest-RobotFront" id="s1" pass="1" fail="0" skip="0">ServeRest-RobotFront</stat>
<stat name="Tests" id="s1-s1" pass="1" fail="0" skip="0">ServeRest-RobotFront.Tests</stat>
<stat name="ListadeCompras" id="s1-s1-s1" pass="1" fail="0" skip="0">ServeRest-RobotFront.Tests.ListadeCompras</stat>
</suite>
</statistics>
<errors>
</errors>
</robot>
